#
# A fatal error has been detected by the Java Runtime Environment:
#
#  EXCEPTION_ACCESS_VIOLATION (0xc0000005) at pc=0x000000005ae3a6b3, pid=10448, tid=10876
#
# JRE version: Java(TM) SE Runtime Environment (8.0_31-b13) (build 1.8.0_31-b13)
# Java VM: Java HotSpot(TM) 64-Bit Server VM (25.31-b07 mixed mode windows-amd64 compressed oops)
# Problematic frame:
# V  [jvm.dll+0x11a6b3]
#
# Failed to write core dump. Minidumps are not enabled by default on client versions of Windows
#
# If you would like to submit a bug report, please visit:
#   http://bugreport.java.com/bugreport/crash.jsp
#

---------------  T H R E A D  ---------------

Current thread (0x00000000186d6000):  JavaThread "JDWP Transport Listener: dt_socket" daemon [_thread_in_vm, id=10876, stack(0x0000000018df0000,0x0000000018ef0000)]

siginfo: ExceptionCode=0xc0000005, reading address 0xffffffffffffffff

Registers:
RAX=0x0000000018eef201, RBX=0x0f00000000000000, RCX=0x0000000001fc1f20, RDX=0x0000000000000000
RSP=0x0000000018eef220, RBP=0x0000000001fc1f20, RSI=0x0000000018eef338, RDI=0x0000000001c49be0
R8 =0x00000000186d6000, R9 =0x0000000000000700, R10=0x0000000000000000, R11=0x064598150076004a
R12=0x0000000000000000, R13=0x00000000186d6ac8, R14=0x0000000000000000, R15=0x0000000000000000
RIP=0x000000005ae3a6b3, EFLAGS=0x0000000000010216

Top of Stack: (sp=0x0000000018eef220)
0x0000000018eef220:   00000000186d6000 00000000186d6000
0x0000000018eef230:   0000000018eef2e8 000000005b037c1b
0x0000000018eef240:   00000000186d6000 000000005b05447d
0x0000000018eef250:   0000000000000000 000000006dc59149
0x0000000018eef260:   0000000016e49570 000000006dc62912
0x0000000018eef270:   00000000186d6000 0000000000000000
0x0000000018eef280:   0000000000000000 0000000000000000
0x0000000018eef290:   0000000001fc1f20 000000006dc61a09
0x0000000018eef2a0:   0000000018eef338 0000000018eef310
0x0000000018eef2b0:   0000000000000001 0000000016e49570
0x0000000018eef2c0:   0000000001fc1f20 000000006dc453b3
0x0000000018eef2d0:   0000000018eef400 0000000000000001
0x0000000018eef2e0:   0000000000000001 0000000016e49570
0x0000000018eef2f0:   0000000000000009 0000000000000000
0x0000000018eef300:   0000000000000000 0000000000000000
0x0000000018eef310:   0000000000000001 000000006dc45571 

Instructions: (pc=0x000000005ae3a6b3)
0x000000005ae3a693:   28 48 85 c9 75 07 33 c0 48 83 c4 28 c3 48 89 5c
0x000000005ae3a6a3:   24 20 48 8b 19 48 85 db 74 20 48 83 fb 37 74 1a
0x000000005ae3a6b3:   48 8b 13 48 8b cb ff 52 10 84 c0 74 0d 48 8b c3
0x000000005ae3a6c3:   48 8b 5c 24 20 48 83 c4 28 c3 33 c0 48 8b 5c 24 


Register to memory mapping:

RAX=0x0000000018eef201 is pointing into the stack for thread: 0x00000000186d6000
RBX=0x0f00000000000000 is an unknown value
RCX=0x0000000001fc1f20 is an unknown value
RDX=0x0000000000000000 is an unknown value
RSP=0x0000000018eef220 is pointing into the stack for thread: 0x00000000186d6000
RBP=0x0000000001fc1f20 is an unknown value
RSI=0x0000000018eef338 is pointing into the stack for thread: 0x00000000186d6000
RDI=0x0000000001c49be0 is an unknown value
R8 =0x00000000186d6000 is a thread
R9 =0x0000000000000700 is an unknown value
R10=0x0000000000000000 is an unknown value
R11=0x064598150076004a is an unknown value
R12=0x0000000000000000 is an unknown value
R13=0x00000000186d6ac8 is an unknown value
R14=0x0000000000000000 is an unknown value
R15=0x0000000000000000 is an unknown value


Stack: [0x0000000018df0000,0x0000000018ef0000],  sp=0x0000000018eef220,  free space=1020k
Native frames: (J=compiled Java code, j=interpreted, Vv=VM code, C=native code)
V  [jvm.dll+0x11a6b3]
V  [jvm.dll+0x33447d]
C  [jdwp.dll+0x21a09]
C  [jdwp.dll+0x53b3]
C  [jdwp.dll+0x5571]
C  [jdwp.dll+0xf09c]
C  [jdwp.dll+0x1f2c9]
C  [jdwp.dll+0x1f49e]
V  [jvm.dll+0x1ac128]
V  [jvm.dll+0x22c194]
V  [jvm.dll+0x28576a]
C  [msvcr100.dll+0x21d9f]
C  [msvcr100.dll+0x21e3b]
C  [kernel32.dll+0x15a4d]
C  [ntdll.dll+0x2b831]


---------------  P R O C E S S  ---------------

Java Threads: ( => current thread )
  0x0000000018765000 JavaThread "Service Thread" daemon [_thread_blocked, id=12052, stack(0x00000000196d0000,0x00000000197d0000)]
  0x0000000018720800 JavaThread "C1 CompilerThread2" daemon [_thread_blocked, id=11612, stack(0x0000000019800000,0x0000000019900000)]
  0x0000000018704800 JavaThread "C2 CompilerThread1" daemon [_thread_blocked, id=11708, stack(0x00000000195d0000,0x00000000196d0000)]
  0x00000000186eb800 JavaThread "C2 CompilerThread0" daemon [_thread_blocked, id=1596, stack(0x0000000018b60000,0x0000000018c60000)]
  0x00000000186db800 JavaThread "JDWP Command Reader" daemon [_thread_in_native, id=4720, stack(0x0000000019350000,0x0000000019450000)]
  0x00000000186da000 JavaThread "JDWP Event Helper Thread" daemon [_thread_blocked, id=12236, stack(0x00000000190b0000,0x00000000191b0000)]
=>0x00000000186d6000 JavaThread "JDWP Transport Listener: dt_socket" daemon [_thread_in_vm, id=10876, stack(0x0000000018df0000,0x0000000018ef0000)]
  0x0000000016ea0800 JavaThread "Attach Listener" daemon [_thread_blocked, id=8904, stack(0x00000000185d0000,0x00000000186d0000)]
  0x0000000016ead000 JavaThread "Signal Dispatcher" daemon [_thread_blocked, id=12092, stack(0x0000000018310000,0x0000000018410000)]
  0x0000000016e42800 JavaThread "Finalizer" daemon [_thread_blocked, id=10728, stack(0x0000000017f20000,0x0000000018020000)]
  0x0000000016e3a000 JavaThread "Reference Handler" daemon [_thread_blocked, id=12076, stack(0x00000000181d0000,0x00000000182d0000)]
  0x0000000001c4f000 JavaThread "main" [_thread_in_native, id=12160, stack(0x0000000002260000,0x0000000002360000)]

Other Threads:
  0x0000000016e36800 VMThread [stack: 0x0000000018040000,0x0000000018140000] [id=10548]
  0x0000000018779800 WatcherThread [stack: 0x0000000019490000,0x0000000019590000] [id=10224]

VM state:not at safepoint (normal execution)

VM Mutex/Monitor currently owned by a thread: None

Heap:
 PSYoungGen      total 35840K, used 3074K [0x00000000d8400000, 0x00000000dac00000, 0x0000000100000000)
  eden space 30720K, 10% used [0x00000000d8400000,0x00000000d8700a28,0x00000000da200000)
  from space 5120K, 0% used [0x00000000da700000,0x00000000da700000,0x00000000dac00000)
  to   space 5120K, 0% used [0x00000000da200000,0x00000000da200000,0x00000000da700000)
 ParOldGen       total 81920K, used 0K [0x0000000088c00000, 0x000000008dc00000, 0x00000000d8400000)
  object space 81920K, 0% used [0x0000000088c00000,0x0000000088c00000,0x000000008dc00000)
 Metaspace       used 3468K, capacity 4614K, committed 4864K, reserved 1056768K
  class space    used 400K, capacity 430K, committed 512K, reserved 1048576K

Card table byte_map: [0x00000000119f0000,0x0000000011db0000] byte_map_base: 0x00000000115aa000

Marking Bits: (ParMarkBitMap*) 0x000000005b4fd4f0
 Begin Bits: [0x0000000012550000, 0x0000000014320000)
 End Bits:   [0x0000000014320000, 0x00000000160f0000)

Polling page: 0x0000000000200000

CodeCache: size=245760Kb used=1222Kb max_used=1222Kb free=244537Kb
 bounds [0x0000000002630000, 0x00000000028a0000, 0x0000000011630000]
 total_blobs=313 nmethods=76 adapters=159
 compilation: enabled

Compilation events (10 events):
Event: 0.859 Thread 0x0000000018720800   72       3       java.util.regex.Pattern::peek (26 bytes)
Event: 0.860 Thread 0x0000000018720800 nmethod 72 0x0000000002760b10 code [0x0000000002760c80, 0x0000000002760f48]
Event: 0.863 Thread 0x0000000018720800   73       3       java.lang.Character::isBmpCodePoint (13 bytes)
Event: 0.864 Thread 0x0000000018720800 nmethod 73 0x0000000002761090 code [0x00000000027611e0, 0x0000000002761370]
Event: 0.864 Thread 0x0000000018720800   74       3       java.util.regex.Pattern::next (33 bytes)
Event: 0.864 Thread 0x0000000018720800 nmethod 74 0x00000000027613d0 code [0x0000000002761540, 0x0000000002761808]
Event: 0.864 Thread 0x0000000018720800   75       1       java.util.regex.Pattern::flags (5 bytes)
Event: 0.865 Thread 0x0000000018720800 nmethod 75 0x0000000002761950 code [0x0000000002761aa0, 0x0000000002761bb0]
Event: 0.865 Thread 0x0000000018720800   76       1       java.nio.Buffer::position (5 bytes)
Event: 0.865 Thread 0x0000000018720800 nmethod 76 0x0000000002761c10 code [0x0000000002761d60, 0x0000000002761e70]

GC Heap History (0 events):
No events

Deoptimization events (0 events):
No events

Internal exceptions (9 events):
Event: 0.075 Thread 0x0000000001c4f000 Exception <a 'java/lang/NoSuchMethodError': Method sun.misc.Unsafe.defineClass(Ljava/lang/String;[BII)Ljava/lang/Class; name or signature does not match> (0x00000000d8412250) thrown at [C:\workspace\8-2-build-windows-amd64-cygwin\jdk8u31\2394\hotspot\src\sU-q0P!≥?
Event: 0.075 Thread 0x0000000001c4f000 Exception <a 'java/lang/NoSuchMethodError': Method sun.misc.Unsafe.prefetchRead(Ljava/lang/Object;J)V name or signature does not match> (0x00000000d84124e0) thrown at [C:\workspace\8-2-build-windows-amd64-cygwin\jdk8u31\2394\hotspot\src\share\vm\prims\jni.Åîy«K\‰?
Event: 0.636 Thread 0x0000000001c4f000 Exception <a 'java/security/PrivilegedActionException'> (0x00000000d8461000) thrown at [C:\workspace\8-2-build-windows-amd64-cygwin\jdk8u31\2394\hotspot\src\share\vm\prims\jvm.cpp, line 1312]
Event: 0.732 Thread 0x0000000001c4f000 Exception <a 'java/security/PrivilegedActionException'> (0x00000000d848ad20) thrown at [C:\workspace\8-2-build-windows-amd64-cygwin\jdk8u31\2394\hotspot\src\share\vm\prims\jvm.cpp, line 1312]
Event: 0.732 Thread 0x0000000001c4f000 Exception <a 'java/security/PrivilegedActionException'> (0x00000000d848b068) thrown at [C:\workspace\8-2-build-windows-amd64-cygwin\jdk8u31\2394\hotspot\src\share\vm\prims\jvm.cpp, line 1312]
Event: 0.736 Thread 0x0000000001c4f000 Exception <a 'java/security/PrivilegedActionException'> (0x00000000d848ecf0) thrown at [C:\workspace\8-2-build-windows-amd64-cygwin\jdk8u31\2394\hotspot\src\share\vm\prims\jvm.cpp, line 1312]
Event: 0.736 Thread 0x0000000001c4f000 Exception <a 'java/security/PrivilegedActionException'> (0x00000000d848f038) thrown at [C:\workspace\8-2-build-windows-amd64-cygwin\jdk8u31\2394\hotspot\src\share\vm\prims\jvm.cpp, line 1312]
Event: 0.847 Thread 0x0000000001c4f000 Exception <a 'java/security/PrivilegedActionException'> (0x00000000d86abb70) thrown at [C:\workspace\8-2-build-windows-amd64-cygwin\jdk8u31\2394\hotspot\src\share\vm\prims\jvm.cpp, line 1312]
Event: 0.848 Thread 0x0000000001c4f000 Exception <a 'java/security/PrivilegedActionException'> (0x00000000d86ad2d0) thrown at [C:\workspace\8-2-build-windows-amd64-cygwin\jdk8u31\2394\hotspot\src\share\vm\prims\jvm.cpp, line 1312]

Events (10 events):
Event: 4.701 Executing VM operation: EnableBiasedLocking
Event: 4.701 Executing VM operation: EnableBiasedLocking done
Event: 8948.809 Executing VM operation: RedefineClasses
Event: 8948.810 Executing VM operation: RedefineClasses done
Event: 9757.399 Executing VM operation: RedefineClasses
Event: 9757.400 Executing VM operation: RedefineClasses done
Event: 10013.050 Executing VM operation: RedefineClasses
Event: 10013.050 Executing VM operation: RedefineClasses done
Event: 10022.922 Executing VM operation: RedefineClasses
Event: 10022.923 Executing VM operation: RedefineClasses done


Dynamic libraries:
0x000000013f0f0000 - 0x000000013f124000 	C:\Program Files\Java\jre1.8.0_31\bin\javaw.exe
0x0000000077a20000 - 0x0000000077bc9000 	C:\Windows\SYSTEM32\ntdll.dll
0x0000000077800000 - 0x000000007791f000 	C:\Windows\system32\kernel32.dll
0x000007fefd970000 - 0x000007fefd9dc000 	C:\Windows\system32\KERNELBASE.dll
0x0000000072740000 - 0x00000000727df000 	D:\Programi\Bitdefender\Antivirus Free Edition\avc3\avc3_sig_315\avcuf64.dll
0x000007feff330000 - 0x000007feff40b000 	C:\Windows\system32\ADVAPI32.dll
0x000007feff410000 - 0x000007feff4af000 	C:\Windows\system32\msvcrt.dll
0x000007fefe0d0000 - 0x000007fefe0ef000 	C:\Windows\SYSTEM32\sechost.dll
0x000007fefdb90000 - 0x000007fefdcbd000 	C:\Windows\system32\RPCRT4.dll
0x0000000077920000 - 0x0000000077a1a000 	C:\Windows\system32\USER32.dll
0x000007feff710000 - 0x000007feff777000 	C:\Windows\system32\GDI32.dll
0x000007feff180000 - 0x000007feff18e000 	C:\Windows\system32\LPK.dll
0x000007feff780000 - 0x000007feff849000 	C:\Windows\system32\USP10.dll
0x000007fefba80000 - 0x000007fefbc74000 	C:\Windows\WinSxS\amd64_microsoft.windows.common-controls_6595b64144ccf1df_6.0.7601.18837_none_fa3b1e3d17594757\COMCTL32.dll
0x000007fefe370000 - 0x000007fefe3e1000 	C:\Windows\system32\SHLWAPI.dll
0x000007fefe340000 - 0x000007fefe36e000 	C:\Windows\system32\IMM32.DLL
0x000007fefe0f0000 - 0x000007fefe1f9000 	C:\Windows\system32\MSCTF.dll
0x000007fefd700000 - 0x000007fefd740000 	C:\Windows\system32\nvinitx.dll
0x000000005faf0000 - 0x000000005fbc2000 	C:\Program Files\Java\jre1.8.0_31\bin\msvcr100.dll
0x000000005ad20000 - 0x000000005b57a000 	C:\Program Files\Java\jre1.8.0_31\bin\server\jvm.dll
0x000007fef0dd0000 - 0x000007fef0dd9000 	C:\Windows\system32\WSOCK32.dll
0x000007feff190000 - 0x000007feff1dd000 	C:\Windows\system32\WS2_32.dll
0x000007feff1e0000 - 0x000007feff1e8000 	C:\Windows\system32\NSI.dll
0x000007fef9f50000 - 0x000007fef9f8b000 	C:\Windows\system32\WINMM.dll
0x0000000077bf0000 - 0x0000000077bf7000 	C:\Windows\system32\PSAPI.DLL
0x000000006ec90000 - 0x000000006ec9f000 	C:\Program Files\Java\jre1.8.0_31\bin\verify.dll
0x000000006eaa0000 - 0x000000006eac8000 	C:\Program Files\Java\jre1.8.0_31\bin\java.dll
0x000000006dc40000 - 0x000000006dc75000 	C:\Program Files\Java\jre1.8.0_31\bin\jdwp.dll
0x000000006ea90000 - 0x000000006ea98000 	C:\Program Files\Java\jre1.8.0_31\bin\npt.dll
0x000000006dcb0000 - 0x000000006dcc6000 	C:\Program Files\Java\jre1.8.0_31\bin\zip.dll
0x000007fefe3f0000 - 0x000007feff179000 	C:\Windows\system32\SHELL32.dll
0x000007feff850000 - 0x000007feffa53000 	C:\Windows\system32\ole32.dll
0x000007fefd7e0000 - 0x000007fefd7ef000 	C:\Windows\system32\profapi.dll
0x000000006df30000 - 0x000000006df39000 	C:\Program Files\Java\jre1.8.0_31\bin\dt_socket.dll
0x000007fefb820000 - 0x000007fefb835000 	C:\Windows\system32\NLAapi.dll
0x000007fefa6c0000 - 0x000007fefa6d5000 	C:\Windows\system32\napinsp.dll
0x000007fefa6a0000 - 0x000007fefa6b9000 	C:\Windows\system32\pnrpnsp.dll
0x000007fefcf30000 - 0x000007fefcf85000 	C:\Windows\System32\mswsock.dll
0x000007fefcdb0000 - 0x000007fefce0b000 	C:\Windows\system32\DNSAPI.dll
0x000007fefa690000 - 0x000007fefa69b000 	C:\Windows\System32\winrnr.dll
0x000007fefa620000 - 0x000007fefa630000 	C:\Windows\system32\wshbth.dll
0x000007fefb5f0000 - 0x000007fefb617000 	C:\Windows\system32\IPHLPAPI.DLL
0x000007fefb5d0000 - 0x000007fefb5db000 	C:\Windows\system32\WINNSI.DLL
0x000007fefb440000 - 0x000007fefb493000 	C:\Windows\System32\fwpuclnt.dll
0x000007fefa5f0000 - 0x000007fefa5f8000 	C:\Windows\system32\rasadhlp.dll
0x000007fefc7e0000 - 0x000007fefc7e7000 	C:\Windows\System32\wshtcpip.dll
0x000007fefc8b0000 - 0x000007fefc9d5000 	C:\Windows\system32\dbghelp.dll

VM Arguments:
jvm_args: -agentlib:jdwp=transport=dt_socket,suspend=y,address=localhost:2451 -Dfile.encoding=Cp1251 
java_command: ArrayOfStringsSorter
java_class_path (initial): D:\SoftUni\Courses\programming_fundamentals\Java-Basics\Homeworks-And_Exercises\1.Intro-Java\Intro-Java-Homework\bin
Launcher Type: SUN_STANDARD

Environment Variables:
PATH=C:/Program Files/Java/jre1.8.0_31/bin/server;C:/Program Files/Java/jre1.8.0_31/bin;C:/Program Files/Java/jre1.8.0_31/lib/amd64;C:\ProgramData\Oracle\Java\javapath;C:\Program Files (x86)\NVIDIA Corporation\PhysX\Common;C:\Program Files (x86)\Intel\iCLS Client\;C:\Program Files\Intel\iCLS Client\;C:\Windows\system32;C:\Windows;C:\Windows\System32\Wbem;C:\Windows\System32\WindowsPowerShell\v1.0\;C:\Program Files\Intel\Intel(R) Management Engine Components\DAL;C:\Program Files\Intel\Intel(R) Management Engine Components\IPT;C:\Program Files (x86)\Intel\Intel(R) Management Engine Components\DAL;C:\Program Files (x86)\Intel\Intel(R) Management Engine Components\IPT;C:\Program Files (x86)\Intel\OpenCL SDK\2.0\bin\x86;C:\Program Files (x86)\Intel\OpenCL SDK\2.0\bin\x64;C:\Program Files\Microsoft SQL Server\110\Tools\Binn\;C:\Program Files (x86)\Windows Kits\8.1\Windows Performance Toolkit\;C:\Program Files\TortoiseSVN\bin;D:\Programi\Git\Git\cmd;C:\Program Files (x86)\Clean Project\;C:\Program Files (x86)\Skype\Phone\;C:\Program Files\Java\jdk1.7.0_25\bin;C:\Program Files\Java\jdk1.7.0_25\bin;;D:\Programi\Eclipse\eclipse;
USERNAME=PC
DISPLAY=:0.0
OS=Windows_NT
PROCESSOR_IDENTIFIER=Intel64 Family 6 Model 58 Stepping 9, GenuineIntel



---------------  S Y S T E M  ---------------

OS: Windows 7 , 64 bit Build 7601 Service Pack 1

CPU:total 4 (2 cores per cpu, 2 threads per core) family 6 model 58 stepping 9, cmov, cx8, fxsr, mmx, sse, sse2, sse3, ssse3, sse4.1, sse4.2, popcnt, avx, aes, clmul, erms, ht, tsc, tscinvbit, tscinv

Memory: 4k page, physical 7812744k(2198012k free), swap 18326624k(3300592k free)

vm_info: Java HotSpot(TM) 64-Bit Server VM (25.31-b07) for windows-amd64 JRE (1.8.0_31-b13), built on Dec 17 2014 21:00:28 by "java_re" with MS VC++ 10.0 (VS2010)

time: Thu Aug 27 21:44:10 2015
elapsed time: 19827 seconds (0d 5h 30m 27s)

