#
# A fatal error has been detected by the Java Runtime Environment:
#
#  EXCEPTION_ACCESS_VIOLATION (0xc0000005) at pc=0x000000005a5ea6b3, pid=3820, tid=6232
#
# JRE version: Java(TM) SE Runtime Environment (8.0_31-b13) (build 1.8.0_31-b13)
# Java VM: Java HotSpot(TM) 64-Bit Server VM (25.31-b07 mixed mode windows-amd64 compressed oops)
# Problematic frame:
# V  [jvm.dll+0x11a6b3]
#
# Failed to write core dump. Minidumps are not enabled by default on client versions of Windows
#
# If you would like to submit a bug report, please visit:
#   http://bugreport.java.com/bugreport/crash.jsp
#

---------------  T H R E A D  ---------------

Current thread (0x00000000184a2800):  JavaThread "JDWP Transport Listener: dt_socket" daemon [_thread_in_vm, id=6232, stack(0x0000000018e40000,0x0000000018f40000)]

siginfo: ExceptionCode=0xc0000005, reading address 0xffffffffffffffff

Registers:
RAX=0x0000000018f3f301, RBX=0x0f00000000000000, RCX=0x0000000001ed2730, RDX=0x0000000000000000
RSP=0x0000000018f3f330, RBP=0x0000000001ed2730, RSI=0x0000000018f3f448, RDI=0x0000000002059cb0
R8 =0x00000000184a2800, R9 =0x0000000000000700, R10=0x0000000000000000, R11=0x5f73663400360066
R12=0x0000000000000000, R13=0x00000000184a9d28, R14=0x0000000000000000, R15=0x0000000000000000
RIP=0x000000005a5ea6b3, EFLAGS=0x0000000000010216

Top of Stack: (sp=0x0000000018f3f330)
0x0000000018f3f330:   00000000184a2800 00000000184a2800
0x0000000018f3f340:   0000000018f3f3f8 000000005a7e7c1b
0x0000000018f3f350:   00000000184a2800 000000005a80447d
0x0000000018f3f360:   0000000000000000 000000005c459149
0x0000000018f3f370:   0000000016e3dd20 000000005c462912
0x0000000018f3f380:   00000000184a2800 0000000000000000
0x0000000018f3f390:   0000000000000000 0000000000000000
0x0000000018f3f3a0:   0000000001ed2730 000000005c461a09
0x0000000018f3f3b0:   0000000018f3f448 0000000018f3f420
0x0000000018f3f3c0:   0000000000000001 0000000016e3dd20
0x0000000018f3f3d0:   0000000001ed2730 000000005c4453b3
0x0000000018f3f3e0:   0000000018f3f510 0000000000000001
0x0000000018f3f3f0:   0000000000000001 0000000016e3dd20
0x0000000018f3f400:   0000000000000009 0000000000000000
0x0000000018f3f410:   0000000000000000 0000000000000000
0x0000000018f3f420:   0000000000000001 000000005c445571 

Instructions: (pc=0x000000005a5ea6b3)
0x000000005a5ea693:   28 48 85 c9 75 07 33 c0 48 83 c4 28 c3 48 89 5c
0x000000005a5ea6a3:   24 20 48 8b 19 48 85 db 74 20 48 83 fb 37 74 1a
0x000000005a5ea6b3:   48 8b 13 48 8b cb ff 52 10 84 c0 74 0d 48 8b c3
0x000000005a5ea6c3:   48 8b 5c 24 20 48 83 c4 28 c3 33 c0 48 8b 5c 24 


Register to memory mapping:

RAX=0x0000000018f3f301 is pointing into the stack for thread: 0x00000000184a2800
RBX=0x0f00000000000000 is an unknown value
RCX=0x0000000001ed2730 is an unknown value
RDX=0x0000000000000000 is an unknown value
RSP=0x0000000018f3f330 is pointing into the stack for thread: 0x00000000184a2800
RBP=0x0000000001ed2730 is an unknown value
RSI=0x0000000018f3f448 is pointing into the stack for thread: 0x00000000184a2800
RDI=0x0000000002059cb0 is an unknown value
R8 =0x00000000184a2800 is a thread
R9 =0x0000000000000700 is an unknown value
R10=0x0000000000000000 is an unknown value
R11=0x5f73663400360066 is an unknown value
R12=0x0000000000000000 is an unknown value
R13=0x00000000184a9d28 is an unknown value
R14=0x0000000000000000 is an unknown value
R15=0x0000000000000000 is an unknown value


Stack: [0x0000000018e40000,0x0000000018f40000],  sp=0x0000000018f3f330,  free space=1020k
Native frames: (J=compiled Java code, j=interpreted, Vv=VM code, C=native code)
V  [jvm.dll+0x11a6b3]
V  [jvm.dll+0x33447d]
C  [jdwp.dll+0x21a09]
C  [jdwp.dll+0x53b3]
C  [jdwp.dll+0x5571]
C  [jdwp.dll+0xf09c]
C  [jdwp.dll+0x1f2c9]
C  [jdwp.dll+0x1f49e]
V  [jvm.dll+0x1ac128]
V  [jvm.dll+0x22c194]
V  [jvm.dll+0x28576a]
C  [msvcr100.dll+0x21d9f]
C  [msvcr100.dll+0x21e3b]
C  [kernel32.dll+0x15a4d]
C  [ntdll.dll+0x2b831]


---------------  P R O C E S S  ---------------

Java Threads: ( => current thread )
  0x000000001852d000 JavaThread "Service Thread" daemon [_thread_blocked, id=5384, stack(0x00000000192d0000,0x00000000193d0000)]
  0x0000000018503800 JavaThread "C1 CompilerThread2" daemon [_thread_blocked, id=2524, stack(0x00000000195a0000,0x00000000196a0000)]
  0x00000000184c2800 JavaThread "C2 CompilerThread1" daemon [_thread_blocked, id=4612, stack(0x0000000019440000,0x0000000019540000)]
  0x00000000184bf000 JavaThread "C2 CompilerThread0" daemon [_thread_blocked, id=7712, stack(0x0000000019190000,0x0000000019290000)]
  0x00000000184b2000 JavaThread "JDWP Command Reader" daemon [_thread_in_native, id=6900, stack(0x00000000188c0000,0x00000000189c0000)]
  0x00000000184af000 JavaThread "JDWP Event Helper Thread" daemon [_thread_blocked, id=7816, stack(0x0000000019020000,0x0000000019120000)]
=>0x00000000184a2800 JavaThread "JDWP Transport Listener: dt_socket" daemon [_thread_in_vm, id=6232, stack(0x0000000018e40000,0x0000000018f40000)]
  0x0000000016e98000 JavaThread "Attach Listener" daemon [_thread_blocked, id=3860, stack(0x0000000018290000,0x0000000018390000)]
  0x0000000016e9f800 JavaThread "Signal Dispatcher" daemon [_thread_blocked, id=5332, stack(0x00000000183a0000,0x00000000184a0000)]
  0x0000000016e36800 JavaThread "Finalizer" daemon [_thread_blocked, id=2928, stack(0x0000000018140000,0x0000000018240000)]
  0x0000000016e2e000 JavaThread "Reference Handler" daemon [_thread_blocked, id=6620, stack(0x0000000017ea0000,0x0000000017fa0000)]
  0x000000000205f000 JavaThread "main" [_thread_in_native, id=5500, stack(0x0000000002240000,0x0000000002340000)]

Other Threads:
  0x0000000016e29800 VMThread [stack: 0x0000000018010000,0x0000000018110000] [id=3952]
  0x0000000018530800 WatcherThread [stack: 0x00000000196d0000,0x00000000197d0000] [id=3652]

VM state:not at safepoint (normal execution)

VM Mutex/Monitor currently owned by a thread: None

Heap:
 PSYoungGen      total 35840K, used 3080K [0x00000000d8400000, 0x00000000dac00000, 0x0000000100000000)
  eden space 30720K, 10% used [0x00000000d8400000,0x00000000d87020f0,0x00000000da200000)
  from space 5120K, 0% used [0x00000000da700000,0x00000000da700000,0x00000000dac00000)
  to   space 5120K, 0% used [0x00000000da200000,0x00000000da200000,0x00000000da700000)
 ParOldGen       total 81920K, used 0K [0x0000000088c00000, 0x000000008dc00000, 0x00000000d8400000)
  object space 81920K, 0% used [0x0000000088c00000,0x0000000088c00000,0x000000008dc00000)
 Metaspace       used 3555K, capacity 4682K, committed 4864K, reserved 1056768K
  class space    used 406K, capacity 434K, committed 512K, reserved 1048576K

Card table byte_map: [0x00000000119d0000,0x0000000011d90000] byte_map_base: 0x000000001158a000

Marking Bits: (ParMarkBitMap*) 0x000000005acad4f0
 Begin Bits: [0x0000000012540000, 0x0000000014310000)
 End Bits:   [0x0000000014310000, 0x00000000160e0000)

Polling page: 0x0000000000120000

CodeCache: size=245760Kb used=1233Kb max_used=1233Kb free=244527Kb
 bounds [0x0000000002610000, 0x0000000002880000, 0x0000000011610000]
 total_blobs=319 nmethods=82 adapters=159
 compilation: enabled

Compilation events (10 events):
Event: 0.443 Thread 0x0000000018503800   77       3       java.lang.Character::isBmpCodePoint (13 bytes)
Event: 0.443 Thread 0x0000000018503800 nmethod 77 0x00000000027431d0 code [0x0000000002743320, 0x00000000027434b0]
Event: 0.443 Thread 0x0000000018503800   78       3       java.util.regex.Pattern::next (33 bytes)
Event: 0.443 Thread 0x0000000018503800 nmethod 78 0x0000000002743510 code [0x0000000002743680, 0x0000000002743948]
Event: 0.443 Thread 0x0000000018503800   79       1       java.util.regex.Pattern::flags (5 bytes)
Event: 0.444 Thread 0x0000000018503800 nmethod 79 0x0000000002743a90 code [0x0000000002743be0, 0x0000000002743cf0]
Event: 0.444 Thread 0x0000000018503800   80       1       java.nio.Buffer::position (5 bytes)
Event: 0.444 Thread 0x0000000018503800 nmethod 80 0x0000000002743d50 code [0x0000000002743ea0, 0x0000000002743fb0]
Event: 1740.210 Thread 0x0000000018503800   81       3       java.util.concurrent.ConcurrentHashMap::setTabAt (19 bytes)
Event: 1740.210 Thread 0x0000000018503800 nmethod 81 0x00000000027443d0 code [0x0000000002744520, 0x0000000002744690]

GC Heap History (0 events):
No events

Deoptimization events (0 events):
No events

Internal exceptions (9 events):
Event: 0.063 Thread 0x000000000205f000 Exception <a 'java/lang/NoSuchMethodError': Method sun.misc.Unsafe.defineClass(Ljava/lang/String;[BII)Ljava/lang/Class; name or signature does not match> (0x00000000d8412060) thrown at [C:\workspace\8-2-build-windows-amd64-cygwin\jdk8u31\2394\hotspot\src\sK‡‹‡“∞?
Event: 0.063 Thread 0x000000000205f000 Exception <a 'java/lang/NoSuchMethodError': Method sun.misc.Unsafe.prefetchRead(Ljava/lang/Object;J)V name or signature does not match> (0x00000000d84122f0) thrown at [C:\workspace\8-2-build-windows-amd64-cygwin\jdk8u31\2394\hotspot\src\share\vm\prims\jni. öu4÷?
Event: 0.345 Thread 0x000000000205f000 Exception <a 'java/security/PrivilegedActionException'> (0x00000000d8461220) thrown at [C:\workspace\8-2-build-windows-amd64-cygwin\jdk8u31\2394\hotspot\src\share\vm\prims\jvm.cpp, line 1312]
Event: 0.387 Thread 0x000000000205f000 Exception <a 'java/security/PrivilegedActionException'> (0x00000000d848b9f0) thrown at [C:\workspace\8-2-build-windows-amd64-cygwin\jdk8u31\2394\hotspot\src\share\vm\prims\jvm.cpp, line 1312]
Event: 0.387 Thread 0x000000000205f000 Exception <a 'java/security/PrivilegedActionException'> (0x00000000d848bd38) thrown at [C:\workspace\8-2-build-windows-amd64-cygwin\jdk8u31\2394\hotspot\src\share\vm\prims\jvm.cpp, line 1312]
Event: 0.388 Thread 0x000000000205f000 Exception <a 'java/security/PrivilegedActionException'> (0x00000000d848f9c0) thrown at [C:\workspace\8-2-build-windows-amd64-cygwin\jdk8u31\2394\hotspot\src\share\vm\prims\jvm.cpp, line 1312]
Event: 0.388 Thread 0x000000000205f000 Exception <a 'java/security/PrivilegedActionException'> (0x00000000d848fd08) thrown at [C:\workspace\8-2-build-windows-amd64-cygwin\jdk8u31\2394\hotspot\src\share\vm\prims\jvm.cpp, line 1312]
Event: 0.434 Thread 0x000000000205f000 Exception <a 'java/security/PrivilegedActionException'> (0x00000000d86adbf8) thrown at [C:\workspace\8-2-build-windows-amd64-cygwin\jdk8u31\2394\hotspot\src\share\vm\prims\jvm.cpp, line 1312]
Event: 0.435 Thread 0x000000000205f000 Exception <a 'java/security/PrivilegedActionException'> (0x00000000d86af318) thrown at [C:\workspace\8-2-build-windows-amd64-cygwin\jdk8u31\2394\hotspot\src\share\vm\prims\jvm.cpp, line 1312]

Events (10 events):
Event: 3175.945 Executing VM operation: RedefineClasses
Event: 3175.946 Executing VM operation: RedefineClasses done
Event: 3201.017 Executing VM operation: RedefineClasses
Event: 3201.018 Executing VM operation: RedefineClasses done
Event: 3210.013 Executing VM operation: RedefineClasses
Event: 3210.014 Executing VM operation: RedefineClasses done
Event: 3246.183 Executing VM operation: RedefineClasses
Event: 3246.183 Executing VM operation: RedefineClasses done
Event: 3323.133 Executing VM operation: RedefineClasses
Event: 3323.134 Executing VM operation: RedefineClasses done


Dynamic libraries:
0x000000013feb0000 - 0x000000013fee4000 	C:\Program Files\Java\jre1.8.0_31\bin\javaw.exe
0x0000000076e60000 - 0x0000000077009000 	C:\Windows\SYSTEM32\ntdll.dll
0x0000000076d40000 - 0x0000000076e5f000 	C:\Windows\system32\kernel32.dll
0x000007fefcc30000 - 0x000007fefcc9c000 	C:\Windows\system32\KERNELBASE.dll
0x0000000068cf0000 - 0x0000000068d8f000 	D:\Programi\Bitdefender\Antivirus Free Edition\avc3\avc3_sig_317\avcuf64.dll
0x000007fefd360000 - 0x000007fefd43b000 	C:\Windows\system32\ADVAPI32.dll
0x000007fefdb50000 - 0x000007fefdbef000 	C:\Windows\system32\msvcrt.dll
0x000007feff150000 - 0x000007feff16f000 	C:\Windows\SYSTEM32\sechost.dll
0x000007fefd790000 - 0x000007fefd8bd000 	C:\Windows\system32\RPCRT4.dll
0x0000000076c40000 - 0x0000000076d3a000 	C:\Windows\system32\USER32.dll
0x000007fefe2d0000 - 0x000007fefe337000 	C:\Windows\system32\GDI32.dll
0x000007feff140000 - 0x000007feff14e000 	C:\Windows\system32\LPK.dll
0x000007fefdf20000 - 0x000007fefdfe9000 	C:\Windows\system32\USP10.dll
0x000007fefb070000 - 0x000007fefb264000 	C:\Windows\WinSxS\amd64_microsoft.windows.common-controls_6595b64144ccf1df_6.0.7601.18837_none_fa3b1e3d17594757\COMCTL32.dll
0x000007fefdff0000 - 0x000007fefe061000 	C:\Windows\system32\SHLWAPI.dll
0x000007fefd490000 - 0x000007fefd4be000 	C:\Windows\system32\IMM32.DLL
0x000007fefd070000 - 0x000007fefd179000 	C:\Windows\system32\MSCTF.dll
0x000007fefcb00000 - 0x000007fefcb40000 	C:\Windows\system32\nvinitx.dll
0x000000005bca0000 - 0x000000005bd72000 	C:\Program Files\Java\jre1.8.0_31\bin\msvcr100.dll
0x000000005a4d0000 - 0x000000005ad2a000 	C:\Program Files\Java\jre1.8.0_31\bin\server\jvm.dll
0x000007fef4520000 - 0x000007fef4529000 	C:\Windows\system32\WSOCK32.dll
0x000007fefd440000 - 0x000007fefd48d000 	C:\Windows\system32\WS2_32.dll
0x000007feff0d0000 - 0x000007feff0d8000 	C:\Windows\system32\NSI.dll
0x000007fef93c0000 - 0x000007fef93fb000 	C:\Windows\system32\WINMM.dll
0x0000000077020000 - 0x0000000077027000 	C:\Windows\system32\PSAPI.DLL
0x000000006d430000 - 0x000000006d43f000 	C:\Program Files\Java\jre1.8.0_31\bin\verify.dll
0x000000005bdc0000 - 0x000000005bde8000 	C:\Program Files\Java\jre1.8.0_31\bin\java.dll
0x000000005c440000 - 0x000000005c475000 	C:\Program Files\Java\jre1.8.0_31\bin\jdwp.dll
0x000000006d870000 - 0x000000006d878000 	C:\Program Files\Java\jre1.8.0_31\bin\npt.dll
0x0000000066560000 - 0x0000000066576000 	C:\Program Files\Java\jre1.8.0_31\bin\zip.dll
0x000007fefe340000 - 0x000007feff0c9000 	C:\Windows\system32\SHELL32.dll
0x000007fefd940000 - 0x000007fefdb43000 	C:\Windows\system32\ole32.dll
0x000007fefcc20000 - 0x000007fefcc2f000 	C:\Windows\system32\profapi.dll
0x000000006d880000 - 0x000000006d889000 	C:\Program Files\Java\jre1.8.0_31\bin\dt_socket.dll
0x000007fefadd0000 - 0x000007fefade5000 	C:\Windows\system32\NLAapi.dll
0x000007fef4e10000 - 0x000007fef4e25000 	C:\Windows\system32\napinsp.dll
0x000007fef4df0000 - 0x000007fef4e09000 	C:\Windows\system32\pnrpnsp.dll
0x000007fefc370000 - 0x000007fefc3c5000 	C:\Windows\System32\mswsock.dll
0x000007fefc1f0000 - 0x000007fefc24b000 	C:\Windows\system32\DNSAPI.dll
0x000007fef4dc0000 - 0x000007fef4dcb000 	C:\Windows\System32\winrnr.dll
0x000007fef4db0000 - 0x000007fef4dc0000 	C:\Windows\system32\wshbth.dll
0x000007fefa5d0000 - 0x000007fefa5f7000 	C:\Windows\system32\IPHLPAPI.DLL
0x000007fefa5c0000 - 0x000007fefa5cb000 	C:\Windows\system32\WINNSI.DLL
0x000007fefa4e0000 - 0x000007fefa533000 	C:\Windows\System32\fwpuclnt.dll
0x000007fef4e40000 - 0x000007fef4e48000 	C:\Windows\system32\rasadhlp.dll
0x000007fefba30000 - 0x000007fefba37000 	C:\Windows\System32\wshtcpip.dll
0x000007fefbcf0000 - 0x000007fefbe15000 	C:\Windows\system32\dbghelp.dll

VM Arguments:
jvm_args: -agentlib:jdwp=transport=dt_socket,suspend=y,address=localhost:2002 -Dfile.encoding=Cp1251 
java_command: Java_Basics_Exam_3_September_2014.BiggestThreePrimeNumbers
java_class_path (initial): D:\SoftUni\Courses\programming_fundamentals\Java-Basics\ExamPreparation\Retake-Exam-11.05.2015\ExamPraparation\bin
Launcher Type: SUN_STANDARD

Environment Variables:
PATH=C:/Program Files/Java/jre1.8.0_31/bin/server;C:/Program Files/Java/jre1.8.0_31/bin;C:/Program Files/Java/jre1.8.0_31/lib/amd64;C:\ProgramData\Oracle\Java\javapath;C:\Program Files (x86)\NVIDIA Corporation\PhysX\Common;C:\Program Files (x86)\Intel\iCLS Client\;C:\Program Files\Intel\iCLS Client\;C:\Windows\system32;C:\Windows;C:\Windows\System32\Wbem;C:\Windows\System32\WindowsPowerShell\v1.0\;C:\Program Files\Intel\Intel(R) Management Engine Components\DAL;C:\Program Files\Intel\Intel(R) Management Engine Components\IPT;C:\Program Files (x86)\Intel\Intel(R) Management Engine Components\DAL;C:\Program Files (x86)\Intel\Intel(R) Management Engine Components\IPT;C:\Program Files (x86)\Intel\OpenCL SDK\2.0\bin\x86;C:\Program Files (x86)\Intel\OpenCL SDK\2.0\bin\x64;C:\Program Files\Microsoft SQL Server\110\Tools\Binn\;C:\Program Files (x86)\Windows Kits\8.1\Windows Performance Toolkit\;C:\Program Files\TortoiseSVN\bin;D:\Programi\Git\Git\cmd;C:\Program Files (x86)\Clean Project\;C:\Program Files (x86)\Skype\Phone\;C:\Program Files\Java\jdk1.7.0_25\bin;D:\Programi\TortoiseGit\bin;C:\Program Files\Java\jdk1.7.0_25\bin;;D:\Programi\Eclipse\eclipse;
USERNAME=PC
DISPLAY=:0.0
OS=Windows_NT
PROCESSOR_IDENTIFIER=Intel64 Family 6 Model 58 Stepping 9, GenuineIntel



---------------  S Y S T E M  ---------------

OS: Windows 7 , 64 bit Build 7601 Service Pack 1

CPU:total 4 (2 cores per cpu, 2 threads per core) family 6 model 58 stepping 9, cmov, cx8, fxsr, mmx, sse, sse2, sse3, ssse3, sse4.1, sse4.2, popcnt, avx, aes, clmul, erms, ht, tsc, tscinvbit, tscinv

Memory: 4k page, physical 7812744k(2482436k free), swap 15623648k(8231692k free)

vm_info: Java HotSpot(TM) 64-Bit Server VM (25.31-b07) for windows-amd64 JRE (1.8.0_31-b13), built on Dec 17 2014 21:00:28 by "java_re" with MS VC++ 10.0 (VS2010)

time: Tue Sep 29 12:35:27 2015
elapsed time: 3527 seconds (0d 0h 58m 47s)

